#
# There is insufficient memory for the Java Runtime Environment to continue.
# Native memory allocation (malloc) failed to allocate 4088 bytes for AllocateHeap
# Possible reasons:
#   The system is out of physical RAM or swap space
#   In 32 bit mode, the process size limit was hit
# Possible solutions:
#   Reduce memory load on the system
#   Increase physical memory or swap space
#   Check if swap backing store is full
#   Use 64 bit Java on a 64 bit OS
#   Decrease Java heap size (-Xmx/-Xms)
#   Decrease number of Java threads
#   Decrease Java thread stack sizes (-Xss)
#   Set larger code cache with -XX:ReservedCodeCacheSize=
# This output file may be truncated or incomplete.
#
#  Out of Memory Error (memory/allocation.inline.hpp:61), pid=548, tid=0x0000000000001514
#
# JRE version: Java(TM) SE Runtime Environment (8.0_152-b16) (build 1.8.0_152-b16)
# Java VM: Java HotSpot(TM) 64-Bit Server VM (25.152-b16 mixed mode windows-amd64 compressed oops)
# Failed to write core dump. Minidumps are not enabled by default on client versions of Windows
#

---------------  T H R E A D  ---------------

Current thread (0x000000000258e000):  GCTaskThread [stack: 0x00000000123e0000,0x00000000124e0000] [id=5396]

Stack: [0x00000000123e0000,0x00000000124e0000]
[error occurred during error reporting (printing stack bounds), id 0xc0000005]

Native frames: (J=compiled Java code, j=interpreted, Vv=VM code, C=native code)


---------------  P R O C E S S  ---------------

Java Threads: ( => current thread )
  0x00000000194fd800 JavaThread "Thread-3" daemon [_thread_blocked, id=9852, stack(0x000000001d410000,0x000000001d510000)]
  0x00000000194cd800 JavaThread "JavaFX-Launcher" [_thread_blocked, id=5032, stack(0x000000001d510000,0x000000001d610000)]
  0x00000000193f5000 JavaThread "JavaFX Application Thread" [_thread_blocked, id=10044, stack(0x000000001a440000,0x000000001a540000)]
  0x00000000193e5000 JavaThread "Thread-1" daemon [_thread_blocked, id=9308, stack(0x000000001a340000,0x000000001a440000)]
  0x0000000018f5d800 JavaThread "QuantumRenderer-0" daemon [_thread_blocked, id=9876, stack(0x0000000019be0000,0x0000000019ce0000)]
  0x0000000018bb2800 JavaThread "Service Thread" daemon [_thread_blocked, id=8632, stack(0x0000000018f80000,0x0000000019080000)]
  0x0000000017214000 JavaThread "C1 CompilerThread2" daemon [_thread_blocked, id=8752, stack(0x0000000018a80000,0x0000000018b80000)]
  0x0000000017210000 JavaThread "C2 CompilerThread1" daemon [_thread_blocked, id=4596, stack(0x0000000018980000,0x0000000018a80000)]
  0x000000001720c800 JavaThread "C2 CompilerThread0" daemon [_thread_blocked, id=7180, stack(0x0000000018880000,0x0000000018980000)]
  0x000000001720a800 JavaThread "Attach Listener" daemon [_thread_blocked, id=9856, stack(0x0000000018780000,0x0000000018880000)]
  0x0000000017216000 JavaThread "Signal Dispatcher" daemon [_thread_blocked, id=9600, stack(0x0000000018680000,0x0000000018780000)]
  0x000000000266c000 JavaThread "Finalizer" daemon [_thread_blocked, id=7644, stack(0x0000000018490000,0x0000000018590000)]
  0x0000000002661000 JavaThread "Reference Handler" daemon [_thread_blocked, id=8196, stack(0x0000000018390000,0x0000000018490000)]
  0x0000000002572800 JavaThread "main" [_thread_blocked, id=8508, stack(0x0000000002470000,0x0000000002570000)]

Other Threads:
  0x00000000171d7800 VMThread [stack: 0x0000000018290000,0x0000000018390000] [id=168]
  0x0000000018bdb800 WatcherThread [stack: 0x0000000019080000,0x0000000019180000] [id=8836]

=>0x000000000258e000 (exited) GCTaskThread [stack: 0x00000000123e0000,0x00000000124e0000] [id=5396]

VM state:at safepoint (normal execution)

VM Mutex/Monitor currently owned by a thread:  ([mutex/lock_event])
[0x000000000244db10] Threads_lock - owner thread: 0x00000000171d7800
[0x000000000244de90] Heap_lock - owner thread: 0x00000000193f5000

Heap:
 PSYoungGen      total 330240K, used 283392K [0x00000000d5a00000, 0x00000000f8f80000, 0x0000000100000000)
  eden space 104960K, 100% used [0x00000000d5a00000,0x00000000dc080000,0x00000000dc080000)
  from space 225280K, 79% used [0x00000000ea280000,0x00000000f50c0000,0x00000000f7e80000)
  to   space 231424K, 0% used [0x00000000dc080000,0x00000000dc080000,0x00000000ea280000)
 ParOldGen       total 1052672K, used 893602K [0x0000000080e00000, 0x00000000c1200000, 0x00000000d5a00000)
  object space 1052672K, 84% used [0x0000000080e00000,0x00000000b76a8a18,0x00000000c1200000)
 Metaspace       used 7271K, capacity 7976K, committed 8320K, reserved 1056768K
  class space    used 930K, capacity 1035K, committed 1152K, reserved 1048576K

Card table byte_map: [0x0000000011a30000,0x0000000011e30000] byte_map_base: 0x0000000011629000

Marking Bits: (ParMarkBitMap*) 0x000000006e450860
 Begin Bits: [0x00000000124e0000, 0x00000000144a8000)
 End Bits:   [0x00000000144a8000, 0x0000000016470000)

Polling page: 0x00000000023c0000

CodeCache: size=245760Kb used=2340Kb max_used=2340Kb free=243419Kb
 bounds [0x0000000002670000, 0x00000000028e0000, 0x0000000011670000]
 total_blobs=926 nmethods=530 adapters=309
 compilation: enabled

Compilation events (10 events):
Event: 2.043 Thread 0x0000000017214000  526       3       java.util.concurrent.atomic.AtomicBoolean::get (13 bytes)
Event: 2.044 Thread 0x0000000017214000 nmethod 526 0x00000000028b4890 code [0x00000000028b49e0, 0x00000000028b4b90]
Event: 3.431 Thread 0x0000000017214000  527       1       com.sun.javafx.tk.quantum.PaintCollector::hasDirty (5 bytes)
Event: 3.431 Thread 0x0000000017214000 nmethod 527 0x00000000028b45d0 code [0x00000000028b4720, 0x00000000028b4830]
Event: 8.410 Thread 0x0000000017214000  528       3       com.sun.javafx.tk.quantum.QuantumToolkit$$Lambda$42/513111533::run (8 bytes)
Event: 8.411 Thread 0x0000000017214000 nmethod 528 0x00000000028b6150 code [0x00000000028b6300, 0x00000000028b6748]
Event: 8.411 Thread 0x0000000017214000  529   !   3       com.sun.javafx.tk.quantum.QuantumToolkit::lambda$runToolkit$404 (16 bytes)
Event: 8.411 Thread 0x0000000017214000 nmethod 529 0x00000000028b6950 code [0x00000000028b6ae0, 0x00000000028b6ea8]
Event: 8.411 Thread 0x0000000017214000  530       3       com.sun.javafx.tk.quantum.QuantumToolkit::postPulse (148 bytes)
Event: 8.412 Thread 0x0000000017214000 nmethod 530 0x00000000028b7050 code [0x00000000028b73c0, 0x00000000028b9418]

GC Heap History (10 events):
Event: 8.927 GC heap after
Heap after GC invocations=13 (full 4):
 PSYoungGen      total 303104K, used 137408K [0x00000000d5a00000, 0x00000000f7500000, 0x0000000100000000)
  eden space 71680K, 0% used [0x00000000d5a00000,0x00000000d5a00000,0x00000000da000000)
  from space 231424K, 59% used [0x00000000da000000,0x00000000e2630000,0x00000000e8200000)
  to   space 231424K, 0% used [0x00000000e9300000,0x00000000e9300000,0x00000000f7500000)
 ParOldGen       total 738816K, used 564642K [0x0000000080e00000, 0x00000000adf80000, 0x00000000d5a00000)
  object space 738816K, 76% used [0x0000000080e00000,0x00000000a3568a90,0x00000000adf80000)
 Metaspace       used 7271K, capacity 7976K, committed 8320K, reserved 1056768K
  class space    used 930K, capacity 1035K, committed 1152K, reserved 1048576K
}
Event: 8.986 GC heap before
{Heap before GC invocations=14 (full 4):
 PSYoungGen      total 303104K, used 209088K [0x00000000d5a00000, 0x00000000f7500000, 0x0000000100000000)
  eden space 71680K, 100% used [0x00000000d5a00000,0x00000000da000000,0x00000000da000000)
  from space 231424K, 59% used [0x00000000da000000,0x00000000e2630000,0x00000000e8200000)
  to   space 231424K, 0% used [0x00000000e9300000,0x00000000e9300000,0x00000000f7500000)
 ParOldGen       total 738816K, used 564642K [0x0000000080e00000, 0x00000000adf80000, 0x00000000d5a00000)
  object space 738816K, 76% used [0x0000000080e00000,0x00000000a3568a90,0x00000000adf80000)
 Metaspace       used 7271K, capacity 7976K, committed 8320K, reserved 1056768K
  class space    used 930K, capacity 1035K, committed 1152K, reserved 1048576K
Event: 9.395 GC heap after
Heap after GC invocations=14 (full 4):
 PSYoungGen      total 320512K, used 143104K [0x00000000d5a00000, 0x00000000f7a00000, 0x0000000100000000)
  eden space 89088K, 0% used [0x00000000d5a00000,0x00000000d5a00000,0x00000000db100000)
  from space 231424K, 61% used [0x00000000e9300000,0x00000000f1ec0000,0x00000000f7500000)
  to   space 231424K, 0% used [0x00000000db100000,0x00000000db100000,0x00000000e9300000)
 ParOldGen       total 738816K, used 630898K [0x0000000080e00000, 0x00000000adf80000, 0x00000000d5a00000)
  object space 738816K, 85% used [0x0000000080e00000,0x00000000a761ca90,0x00000000adf80000)
 Metaspace       used 7271K, capacity 7976K, committed 8320K, reserved 1056768K
  class space    used 930K, capacity 1035K, committed 1152K, reserved 1048576K
}
Event: 9.395 GC heap before
{Heap before GC invocations=15 (full 5):
 PSYoungGen      total 320512K, used 143104K [0x00000000d5a00000, 0x00000000f7a00000, 0x0000000100000000)
  eden space 89088K, 0% used [0x00000000d5a00000,0x00000000d5a00000,0x00000000db100000)
  from space 231424K, 61% used [0x00000000e9300000,0x00000000f1ec0000,0x00000000f7500000)
  to   space 231424K, 0% used [0x00000000db100000,0x00000000db100000,0x00000000e9300000)
 ParOldGen       total 738816K, used 630898K [0x0000000080e00000, 0x00000000adf80000, 0x00000000d5a00000)
  object space 738816K, 85% used [0x0000000080e00000,0x00000000a761ca90,0x00000000adf80000)
 Metaspace       used 7271K, capacity 7976K, committed 8320K, reserved 1056768K
  class space    used 930K, capacity 1035K, committed 1152K, reserved 1048576K
Event: 13.589 GC heap after
Heap after GC invocations=15 (full 5):
 PSYoungGen      total 320512K, used 0K [0x00000000d5a00000, 0x00000000f7a00000, 0x0000000100000000)
  eden space 89088K, 0% used [0x00000000d5a00000,0x00000000d5a00000,0x00000000db100000)
  from space 231424K, 0% used [0x00000000e9300000,0x00000000e9300000,0x00000000f7500000)
  to   space 231424K, 0% used [0x00000000db100000,0x00000000db100000,0x00000000e9300000)
 ParOldGen       total 1052672K, used 692385K [0x0000000080e00000, 0x00000000c1200000, 0x00000000d5a00000)
  object space 1052672K, 65% used [0x0000000080e00000,0x00000000ab2286b8,0x00000000c1200000)
 Metaspace       used 7271K, capacity 7976K, committed 8320K, reserved 1056768K
  class space    used 930K, capacity 1035K, committed 1152K, reserved 1048576K
}
Event: 13.684 GC heap before
{Heap before GC invocations=16 (full 5):
 PSYoungGen      total 320512K, used 89088K [0x00000000d5a00000, 0x00000000f7a00000, 0x0000000100000000)
  eden space 89088K, 100% used [0x00000000d5a00000,0x00000000db100000,0x00000000db100000)
  from space 231424K, 0% used [0x00000000e9300000,0x00000000e9300000,0x00000000f7500000)
  to   space 231424K, 0% used [0x00000000db100000,0x00000000db100000,0x00000000e9300000)
 ParOldGen       total 1052672K, used 692385K [0x0000000080e00000, 0x00000000c1200000, 0x00000000d5a00000)
  object space 1052672K, 65% used [0x0000000080e00000,0x00000000ab2286b8,0x00000000c1200000)
 Metaspace       used 7271K, capacity 7976K, committed 8320K, reserved 1056768K
  class space    used 930K, capacity 1035K, committed 1152K, reserved 1048576K
Event: 13.943 GC heap after
Heap after GC invocations=16 (full 5):
 PSYoungGen      total 320512K, used 89216K [0x00000000d5a00000, 0x00000000f7e80000, 0x0000000100000000)
  eden space 89088K, 0% used [0x00000000d5a00000,0x00000000d5a00000,0x00000000db100000)
  from space 231424K, 38% used [0x00000000db100000,0x00000000e0820000,0x00000000e9300000)
  to   space 225280K, 0% used [0x00000000ea280000,0x00000000ea280000,0x00000000f7e80000)
 ParOldGen       total 1052672K, used 692385K [0x0000000080e00000, 0x00000000c1200000, 0x00000000d5a00000)
  object space 1052672K, 65% used [0x0000000080e00000,0x00000000ab2286b8,0x00000000c1200000)
 Metaspace       used 7271K, capacity 7976K, committed 8320K, reserved 1056768K
  class space    used 930K, capacity 1035K, committed 1152K, reserved 1048576K
}
Event: 14.115 GC heap before
{Heap before GC invocations=17 (full 5):
 PSYoungGen      total 320512K, used 178304K [0x00000000d5a00000, 0x00000000f7e80000, 0x0000000100000000)
  eden space 89088K, 100% used [0x00000000d5a00000,0x00000000db100000,0x00000000db100000)
  from space 231424K, 38% used [0x00000000db100000,0x00000000e0820000,0x00000000e9300000)
  to   space 225280K, 0% used [0x00000000ea280000,0x00000000ea280000,0x00000000f7e80000)
 ParOldGen       total 1052672K, used 874914K [0x0000000080e00000, 0x00000000c1200000, 0x00000000d5a00000)
  object space 1052672K, 83% used [0x0000000080e00000,0x00000000b6468a18,0x00000000c1200000)
 Metaspace       used 7271K, capacity 7976K, committed 8320K, reserved 1056768K
  class space    used 930K, capacity 1035K, committed 1152K, reserved 1048576K
Event: 14.704 GC heap after
Heap after GC invocations=17 (full 5):
 PSYoungGen      total 330240K, used 178432K [0x00000000d5a00000, 0x00000000f8f80000, 0x0000000100000000)
  eden space 104960K, 0% used [0x00000000d5a00000,0x00000000d5a00000,0x00000000dc080000)
  from space 225280K, 79% used [0x00000000ea280000,0x00000000f50c0000,0x00000000f7e80000)
  to   space 231424K, 0% used [0x00000000dc080000,0x00000000dc080000,0x00000000ea280000)
 ParOldGen       total 1052672K, used 874914K [0x0000000080e00000, 0x00000000c1200000, 0x00000000d5a00000)
  object space 1052672K, 83% used [0x0000000080e00000,0x00000000b6468a18,0x00000000c1200000)
 Metaspace       used 7271K, capacity 7976K, committed 8320K, reserved 1056768K
  class space    used 930K, capacity 1035K, committed 1152K, reserved 1048576K
}
Event: 14.788 GC heap before
{Heap before GC invocations=18 (full 5):
 PSYoungGen      total 330240K, used 283392K [0x00000000d5a00000, 0x00000000f8f80000, 0x0000000100000000)
  eden space 104960K, 100% used [0x00000000d5a00000,0x00000000dc080000,0x00000000dc080000)
  from space 225280K, 79% used [0x00000000ea280000,0x00000000f50c0000,0x00000000f7e80000)
  to   space 231424K, 0% used [0x00000000dc080000,0x00000000dc080000,0x00000000ea280000)
 ParOldGen       total 1052672K, used 874914K [0x0000000080e00000, 0x00000000c1200000, 0x00000000d5a00000)
  object space 1052672K, 83% used [0x0000000080e00000,0x00000000b6468a18,0x00000000c1200000)
 Metaspace       used 7271K, capacity 7976K, committed 8320K, reserved 1056768K
  class space    used 930K, capacity 1035K, committed 1152K, reserved 1048576K

Deoptimization events (2 events):
Event: 0.061 Thread 0x0000000002572800 Uncommon trap: reason=unstable_if action=reinterpret pc=0x00000000027935b8 method=java.lang.String.hashCode()I @ 14
Event: 0.247 Thread 0x00000000193f5000 Uncommon trap: reason=unstable_if action=reinterpret pc=0x000000000282564c method=java.lang.String.replace(CC)Ljava/lang/String; @ 26

Classes redefined (0 events):
No events

Internal exceptions (10 events):
Event: 0.020 Thread 0x0000000002572800 Exception <a 'java/lang/NoSuchMethodError': Method sun.misc.Unsafe.prefetchRead(Ljava/lang/Object;J)V name or signature does not match> (0x00000000d5a07f90) thrown at [C:\re\workspace\8-2-build-windows-amd64-cygwin\jdk8u152\9742\hotspot\src\share\vm\prims
Event: 0.092 Thread 0x0000000002572800 Exception <a 'java/lang/NoSuchFieldError': method resolution failed> (0x00000000d5c47eb8) thrown at [C:\re\workspace\8-2-build-windows-amd64-cygwin\jdk8u152\9742\hotspot\src\share\vm\prims\methodHandles.cpp, line 1167]
Event: 0.093 Thread 0x0000000002572800 Exception <a 'java/lang/NoSuchFieldError': method resolution failed> (0x00000000d5c55238) thrown at [C:\re\workspace\8-2-build-windows-amd64-cygwin\jdk8u152\9742\hotspot\src\share\vm\prims\methodHandles.cpp, line 1167]
Event: 0.107 Thread 0x0000000002572800 Exception <a 'java/security/PrivilegedActionException'> (0x00000000d5cdd9d0) thrown at [C:\re\workspace\8-2-build-windows-amd64-cygwin\jdk8u152\9742\hotspot\src\share\vm\prims\jvm.cpp, line 1390]
Event: 0.107 Thread 0x0000000002572800 Exception <a 'java/security/PrivilegedActionException'> (0x00000000d5cddbe0) thrown at [C:\re\workspace\8-2-build-windows-amd64-cygwin\jdk8u152\9742\hotspot\src\share\vm\prims\jvm.cpp, line 1390]
Event: 0.108 Thread 0x0000000002572800 Exception <a 'java/security/PrivilegedActionException'> (0x00000000d5ce1850) thrown at [C:\re\workspace\8-2-build-windows-amd64-cygwin\jdk8u152\9742\hotspot\src\share\vm\prims\jvm.cpp, line 1390]
Event: 0.108 Thread 0x0000000002572800 Exception <a 'java/security/PrivilegedActionException'> (0x00000000d5ce1a60) thrown at [C:\re\workspace\8-2-build-windows-amd64-cygwin\jdk8u152\9742\hotspot\src\share\vm\prims\jvm.cpp, line 1390]
Event: 0.108 Thread 0x0000000002572800 Exception <a 'java/lang/NullPointerException'> (0x00000000d5ce2038) thrown at [C:\re\workspace\8-2-build-windows-amd64-cygwin\jdk8u152\9742\hotspot\src\share\vm\interpreter\linkResolver.cpp, line 1185]
Event: 0.298 Thread 0x00000000193f5000 Exception <a 'java/lang/NullPointerException'> (0x00000000d66935d0) thrown at [C:\re\workspace\8-2-build-windows-amd64-cygwin\jdk8u152\9742\hotspot\src\share\vm\interpreter\linkResolver.cpp, line 1185]
Event: 0.298 Thread 0x00000000193f5000 Exception <a 'java/lang/NullPointerException'> (0x00000000d66935d0) thrown at [C:\re\workspace\8-2-build-windows-amd64-cygwin\jdk8u152\9742\hotspot\src\share\vm\prims\jvm.cpp, line 1394]

Events (10 events):
Event: 8.410 Executing VM operation: ParallelGCFailedAllocation done
Event: 8.549 Executing VM operation: ParallelGCFailedAllocation
Event: 8.927 Executing VM operation: ParallelGCFailedAllocation done
Event: 8.986 Executing VM operation: ParallelGCFailedAllocation
Event: 13.589 Executing VM operation: ParallelGCFailedAllocation done
Event: 13.684 Executing VM operation: ParallelGCFailedAllocation
Event: 13.943 Executing VM operation: ParallelGCFailedAllocation done
Event: 14.115 Executing VM operation: ParallelGCFailedAllocation
Event: 14.704 Executing VM operation: ParallelGCFailedAllocation done
Event: 14.788 Executing VM operation: ParallelGCFailedAllocation


Dynamic libraries:
0x00007ff68b390000 - 0x00007ff68b3c7000 	C:\Program Files\Java\jre1.8.0_152\bin\javaw.exe
0x00007ffc78d50000 - 0x00007ffc78f21000 	C:\WINDOWS\SYSTEM32\ntdll.dll
0x00007ffc78350000 - 0x00007ffc783fb000 	C:\WINDOWS\System32\KERNEL32.DLL
0x00007ffc76030000 - 0x00007ffc7624d000 	C:\WINDOWS\System32\KERNELBASE.dll
0x00007ffc78790000 - 0x00007ffc78832000 	C:\WINDOWS\System32\ADVAPI32.dll
0x00007ffc784b0000 - 0x00007ffc7854e000 	C:\WINDOWS\System32\msvcrt.dll
0x00007ffc76b80000 - 0x00007ffc76bd9000 	C:\WINDOWS\System32\sechost.dll
0x00007ffc76a50000 - 0x00007ffc76b71000 	C:\WINDOWS\System32\RPCRT4.dll
0x00007ffc76750000 - 0x00007ffc768b5000 	C:\WINDOWS\System32\USER32.dll
0x00007ffc76250000 - 0x00007ffc7626e000 	C:\WINDOWS\System32\win32u.dll
0x00007ffc78470000 - 0x00007ffc784a4000 	C:\WINDOWS\System32\GDI32.dll
0x00007ffc75bd0000 - 0x00007ffc75d52000 	C:\WINDOWS\System32\gdi32full.dll
0x00007ffc62540000 - 0x00007ffc627b9000 	C:\WINDOWS\WinSxS\amd64_microsoft.windows.common-controls_6595b64144ccf1df_6.0.14393.447_none_42191651c6827bb3\COMCTL32.dll
0x00007ffc76350000 - 0x00007ffc76617000 	C:\WINDOWS\System32\combase.dll
0x00007ffc75290000 - 0x00007ffc75385000 	C:\WINDOWS\System32\ucrtbase.dll
0x00007ffc76270000 - 0x00007ffc762da000 	C:\WINDOWS\System32\bcryptPrimitives.dll
0x00007ffc76720000 - 0x00007ffc7674e000 	C:\WINDOWS\System32\IMM32.DLL
0x000000006f800000 - 0x000000006f8d2000 	C:\Program Files\Java\jre1.8.0_152\bin\msvcr100.dll
0x000000006dc30000 - 0x000000006e4d0000 	C:\Program Files\Java\jre1.8.0_152\bin\server\jvm.dll
0x00007ffc78840000 - 0x00007ffc78848000 	C:\WINDOWS\System32\PSAPI.DLL
0x00007ffc6e130000 - 0x00007ffc6e139000 	C:\WINDOWS\SYSTEM32\WSOCK32.dll
0x00007ffc6ff00000 - 0x00007ffc6ff0a000 	C:\WINDOWS\SYSTEM32\VERSION.dll
0x00007ffc734d0000 - 0x00007ffc734f3000 	C:\WINDOWS\SYSTEM32\WINMM.dll
0x00007ffc78400000 - 0x00007ffc7846a000 	C:\WINDOWS\System32\WS2_32.dll
0x0000000002370000 - 0x000000000239b000 	C:\WINDOWS\SYSTEM32\WINMMBASE.dll
0x00007ffc75240000 - 0x00007ffc75282000 	C:\WINDOWS\System32\cfgmgr32.dll
0x000000006f9c0000 - 0x000000006f9cf000 	C:\Program Files\Java\jre1.8.0_152\bin\verify.dll
0x000000006f990000 - 0x000000006f9b9000 	C:\Program Files\Java\jre1.8.0_152\bin\java.dll
0x000000006f970000 - 0x000000006f986000 	C:\Program Files\Java\jre1.8.0_152\bin\zip.dll
0x00007ffc76be0000 - 0x00007ffc780e9000 	C:\WINDOWS\System32\SHELL32.dll
0x00007ffc75390000 - 0x00007ffc75a6a000 	C:\WINDOWS\System32\windows.storage.dll
0x00007ffc751f0000 - 0x00007ffc7523c000 	C:\WINDOWS\System32\powrprof.dll
0x00007ffc78c90000 - 0x00007ffc78ce2000 	C:\WINDOWS\System32\shlwapi.dll
0x00007ffc751d0000 - 0x00007ffc751df000 	C:\WINDOWS\System32\kernel.appcore.dll
0x00007ffc75a70000 - 0x00007ffc75b19000 	C:\WINDOWS\System32\shcore.dll
0x00007ffc751b0000 - 0x00007ffc751c4000 	C:\WINDOWS\System32\profapi.dll
0x0000000002430000 - 0x0000000002433000 	C:\Program Files\Java\jre1.8.0_152\bin\api-ms-win-core-console-l1-1-0.dll
0x0000000002450000 - 0x0000000002453000 	C:\Program Files\Java\jre1.8.0_152\bin\api-ms-win-core-datetime-l1-1-0.dll
0x0000000019180000 - 0x0000000019183000 	C:\Program Files\Java\jre1.8.0_152\bin\api-ms-win-core-debug-l1-1-0.dll
0x0000000019190000 - 0x0000000019193000 	C:\Program Files\Java\jre1.8.0_152\bin\api-ms-win-core-errorhandling-l1-1-0.dll
0x00000000191a0000 - 0x00000000191a4000 	C:\Program Files\Java\jre1.8.0_152\bin\api-ms-win-core-file-l1-1-0.dll
0x00000000191b0000 - 0x00000000191b3000 	C:\Program Files\Java\jre1.8.0_152\bin\api-ms-win-core-file-l1-2-0.dll
0x00000000191c0000 - 0x00000000191c3000 	C:\Program Files\Java\jre1.8.0_152\bin\api-ms-win-core-file-l2-1-0.dll
0x00000000191d0000 - 0x00000000191d3000 	C:\Program Files\Java\jre1.8.0_152\bin\api-ms-win-core-handle-l1-1-0.dll
0x00000000191e0000 - 0x00000000191e3000 	C:\Program Files\Java\jre1.8.0_152\bin\api-ms-win-core-heap-l1-1-0.dll
0x00000000191f0000 - 0x00000000191f3000 	C:\Program Files\Java\jre1.8.0_152\bin\api-ms-win-core-interlocked-l1-1-0.dll
0x0000000019200000 - 0x0000000019203000 	C:\Program Files\Java\jre1.8.0_152\bin\api-ms-win-core-libraryloader-l1-1-0.dll
0x0000000019210000 - 0x0000000019213000 	C:\Program Files\Java\jre1.8.0_152\bin\api-ms-win-core-localization-l1-2-0.dll
0x0000000019220000 - 0x0000000019223000 	C:\Program Files\Java\jre1.8.0_152\bin\api-ms-win-core-memory-l1-1-0.dll
0x0000000019230000 - 0x0000000019233000 	C:\Program Files\Java\jre1.8.0_152\bin\api-ms-win-core-namedpipe-l1-1-0.dll
0x0000000019240000 - 0x0000000019243000 	C:\Program Files\Java\jre1.8.0_152\bin\api-ms-win-core-processenvironment-l1-1-0.dll
0x0000000019250000 - 0x0000000019253000 	C:\Program Files\Java\jre1.8.0_152\bin\api-ms-win-core-processthreads-l1-1-0.dll
0x0000000019260000 - 0x0000000019263000 	C:\Program Files\Java\jre1.8.0_152\bin\api-ms-win-core-processthreads-l1-1-1.dll
0x0000000019270000 - 0x0000000019273000 	C:\Program Files\Java\jre1.8.0_152\bin\api-ms-win-core-profile-l1-1-0.dll
0x0000000019280000 - 0x0000000019283000 	C:\Program Files\Java\jre1.8.0_152\bin\api-ms-win-core-rtlsupport-l1-1-0.dll
0x0000000019290000 - 0x0000000019293000 	C:\Program Files\Java\jre1.8.0_152\bin\api-ms-win-core-string-l1-1-0.dll
0x00000000192a0000 - 0x00000000192a3000 	C:\Program Files\Java\jre1.8.0_152\bin\api-ms-win-core-synch-l1-1-0.dll
0x00000000192b0000 - 0x00000000192b3000 	C:\Program Files\Java\jre1.8.0_152\bin\api-ms-win-core-synch-l1-2-0.dll
0x00000000192c0000 - 0x00000000192c3000 	C:\Program Files\Java\jre1.8.0_152\bin\api-ms-win-core-sysinfo-l1-1-0.dll
0x00000000192d0000 - 0x00000000192d3000 	C:\Program Files\Java\jre1.8.0_152\bin\api-ms-win-core-timezone-l1-1-0.dll
0x00000000192e0000 - 0x00000000192e3000 	C:\Program Files\Java\jre1.8.0_152\bin\api-ms-win-core-util-l1-1-0.dll
0x00000000192f0000 - 0x00000000192f3000 	C:\Program Files\Java\jre1.8.0_152\bin\api-ms-win-crt-conio-l1-1-0.dll
0x0000000019300000 - 0x0000000019304000 	C:\Program Files\Java\jre1.8.0_152\bin\api-ms-win-crt-convert-l1-1-0.dll
0x0000000019310000 - 0x0000000019313000 	C:\Program Files\Java\jre1.8.0_152\bin\api-ms-win-crt-environment-l1-1-0.dll
0x0000000019320000 - 0x0000000019323000 	C:\Program Files\Java\jre1.8.0_152\bin\api-ms-win-crt-filesystem-l1-1-0.dll
0x0000000019330000 - 0x0000000019333000 	C:\Program Files\Java\jre1.8.0_152\bin\api-ms-win-crt-heap-l1-1-0.dll
0x0000000019340000 - 0x0000000019343000 	C:\Program Files\Java\jre1.8.0_152\bin\api-ms-win-crt-locale-l1-1-0.dll
0x0000000019350000 - 0x0000000019355000 	C:\Program Files\Java\jre1.8.0_152\bin\api-ms-win-crt-math-l1-1-0.dll
0x0000000019360000 - 0x0000000019365000 	C:\Program Files\Java\jre1.8.0_152\bin\api-ms-win-crt-multibyte-l1-1-0.dll
0x0000000019370000 - 0x0000000019380000 	C:\Program Files\Java\jre1.8.0_152\bin\api-ms-win-crt-private-l1-1-0.dll
0x0000000019380000 - 0x0000000019383000 	C:\Program Files\Java\jre1.8.0_152\bin\api-ms-win-crt-process-l1-1-0.dll
0x0000000019390000 - 0x0000000019394000 	C:\Program Files\Java\jre1.8.0_152\bin\api-ms-win-crt-runtime-l1-1-0.dll
0x00000000193a0000 - 0x00000000193a4000 	C:\Program Files\Java\jre1.8.0_152\bin\api-ms-win-crt-stdio-l1-1-0.dll
0x00000000193b0000 - 0x00000000193b4000 	C:\Program Files\Java\jre1.8.0_152\bin\api-ms-win-crt-string-l1-1-0.dll
0x00000000193c0000 - 0x00000000193c3000 	C:\Program Files\Java\jre1.8.0_152\bin\api-ms-win-crt-time-l1-1-0.dll
0x00000000193d0000 - 0x00000000193d3000 	C:\Program Files\Java\jre1.8.0_152\bin\api-ms-win-crt-utility-l1-1-0.dll
0x00007ffc55740000 - 0x00007ffc55836000 	C:\Program Files\Java\jre1.8.0_152\bin\ucrtbase.dll
0x00007ffc6cba0000 - 0x00007ffc6cbf1000 	C:\Program Files\Java\jre1.8.0_152\bin\concrt140.dll
0x00007ffc61960000 - 0x00007ffc619fc000 	C:\Program Files\Java\jre1.8.0_152\bin\MSVCP140.dll
0x00007ffc6cb80000 - 0x00007ffc6cb96000 	C:\Program Files\Java\jre1.8.0_152\bin\VCRUNTIME140.dll
0x000000006f7d0000 - 0x000000006f7f3000 	C:\Program Files\Java\jre1.8.0_152\bin\prism_d3d.dll
0x00007ffc61460000 - 0x00007ffc615ed000 	C:\WINDOWS\system32\d3d9.dll
0x00007ffc72bf0000 - 0x00007ffc72c16000 	C:\WINDOWS\SYSTEM32\dwmapi.dll
0x00007ffc73940000 - 0x00007ffc739d5000 	C:\WINDOWS\system32\uxtheme.dll
0x00007ffc6ff10000 - 0x00007ffc70091000 	C:\WINDOWS\System32\DriverStore\FileRepository\c0309270.inf_amd64_47c09dd18e1ee4c5\aticfx64.dll
0x00007ffc6eb50000 - 0x00007ffc6eb79000 	C:\WINDOWS\System32\DriverStore\FileRepository\c0309270.inf_amd64_47c09dd18e1ee4c5\atiu9p64.dll
0x00007ffc4c680000 - 0x00007ffc4d139000 	C:\WINDOWS\System32\DriverStore\FileRepository\c0309270.inf_amd64_47c09dd18e1ee4c5\atiumd64.dll
0x000000006e4d0000 - 0x000000006f034000 	C:\WINDOWS\System32\DriverStore\FileRepository\c0309270.inf_amd64_47c09dd18e1ee4c5\atiumd6a.dll
0x000000006f780000 - 0x000000006f7c9000 	C:\Program Files\Java\jre1.8.0_152\bin\glass.dll
0x00007ffc78690000 - 0x00007ffc7878a000 	C:\WINDOWS\System32\COMDLG32.dll
0x00007ffc78550000 - 0x00007ffc78687000 	C:\WINDOWS\System32\ole32.dll
0x00007ffc780f0000 - 0x00007ffc781af000 	C:\WINDOWS\System32\OLEAUT32.dll
0x00007ffc75f90000 - 0x00007ffc7602c000 	C:\WINDOWS\System32\msvcp_win.dll
0x00007ffc768f0000 - 0x00007ffc76a4b000 	C:\WINDOWS\System32\MSCTF.dll
0x00007ffc61910000 - 0x00007ffc6193c000 	C:\PROGRA~2\RAPTRI~1\Raptr\ltc_help64-116716.dll
0x00007ffc75f30000 - 0x00007ffc75f85000 	C:\WINDOWS\System32\WINTRUST.dll
0x00007ffc751e0000 - 0x00007ffc751f0000 	C:\WINDOWS\System32\MSASN1.dll
0x00007ffc75d60000 - 0x00007ffc75f29000 	C:\WINDOWS\System32\CRYPT32.dll

VM Arguments:
jvm_args: -Dfile.encoding=Cp1252 
java_command: vista.Aplicacion
java_class_path (initial): C:\Program Files\Java\jre1.8.0_152\lib\resources.jar;C:\Program Files\Java\jre1.8.0_152\lib\rt.jar;C:\Program Files\Java\jre1.8.0_152\lib\jsse.jar;C:\Program Files\Java\jre1.8.0_152\lib\jce.jar;C:\Program Files\Java\jre1.8.0_152\lib\charsets.jar;C:\Program Files\Java\jre1.8.0_152\lib\jfr.jar;C:\Program Files\Java\jre1.8.0_152\lib\ext\access-bridge-64.jar;C:\Program Files\Java\jre1.8.0_152\lib\ext\cldrdata.jar;C:\Program Files\Java\jre1.8.0_152\lib\ext\dnsns.jar;C:\Program Files\Java\jre1.8.0_152\lib\ext\jaccess.jar;C:\Program Files\Java\jre1.8.0_152\lib\ext\jfxrt.jar;C:\Program Files\Java\jre1.8.0_152\lib\ext\localedata.jar;C:\Program Files\Java\jre1.8.0_152\lib\ext\nashorn.jar;C:\Program Files\Java\jre1.8.0_152\lib\ext\sunec.jar;C:\Program Files\Java\jre1.8.0_152\lib\ext\sunjce_provider.jar;C:\Program Files\Java\jre1.8.0_152\lib\ext\sunmscapi.jar;C:\Program Files\Java\jre1.8.0_152\lib\ext\sunpkcs11.jar;C:\Program Files\Java\jre1.8.0_152\lib\ext\zipfs.jar;C:\Users\Ignacio\Documents\TP_Algo3\bin;C:\Users\Ignacio\.p2\pool\plugins\org.junit.jupiter.api_5.0.0.v20170910-2246.jar;C:\Users\Ignacio\.p2\pool\plugins\org.junit.jupiter.engine_5.0.0.v20170910-2246.jar;C:\Users\Ignacio\.p2\pool\plugins\org.junit.jupiter.migrationsupport_5.0.0.v20170910-2246.jar;C:\Users\Ignacio\.p2\pool\plugins\org.junit.jupiter.params_5.0.0.v20170910-2246.jar;C:\Users\Ignacio\.p2\pool\plugins\org.junit.platform.commons_1.0.0.v20170910-2246.jar;C:\Users\Ignacio\.p2\pool\plugins\org.junit.platform.engine_1.0.0.v20170910-2246.jar;C:\Users\Ignacio\.p2\pool\plugins\org.junit.platform.launcher_1.0.0.v20170910-2246.jar;C:\Users\Ignacio\.p2\pool\plugins\org.junit.platform.runner_1.0.0.v20170910-2246.jar;C:\Users\Ignacio\.p2\pool\plugins\org.junit.platform.suite.api_1.0.0.v20170910-2246.jar;C:\Users\Ignacio\.p2\pool\plugins\org.junit.vintage.engine_4.12.0.v20170910-2246.jar;C:\Users\Ignacio\.p2\pool\plugins\org.opentest4j_1.0.0.v20170910-2246.jar;C:\Users\Ignacio\.p2\pool\pl
Launcher Type: SUN_STANDARD

Environment Variables:
JAVA_HOME=C:\Program Files\Java\jdk1.8.0_152
CLASSPATH=.;C:\Program Files\Java\jre1.8.0_131\lib\ext\QTjava.zip;C:\z390\
PATH=C:/Program Files/Java/jre1.8.0_152/bin/server;C:/Program Files/Java/jre1.8.0_152/bin;C:/Program Files/Java/jre1.8.0_152/lib/amd64;C:\ProgramData\Oracle\Java\javapath;C:\WINDOWS\system32;C:\WINDOWS;C:\WINDOWS\System32\Wbem;C:\WINDOWS\System32\WindowsPowerShell\v1.0\;C:\Program Files (x86)\ATI Technologies\ATI.ACE\Core-Static;C:\Program Files (x86)\AMD\ATI.ACE\Core-Static;C:\Program Files (x86)\Livestreamer;C:\Python35\;C:\WINDOWS\system32\config\systemprofile\.dnx\bin;C:\Program Files\Microsoft DNX\Dnvm\;C:\Program Files\Microsoft SQL Server\130\Tools\Binn\;C:\Program Files (x86)\Calibre2\;C:\Program Files (x86)\Common Files\Propellerhead Software\ReWire\;C:\Program Files\Common Files\Propellerhead Software\ReWire\;C:\Program Files\Java\jdk1.8.0_152\bin;C:\Program Files\apache-ant-1.10.1\bin;C:\Program Files\Git\cmd;C:\Users\Ignacio\AppData\Local\Microsoft\WindowsApps;c:\nasm-2.10;c:\nasm-2.10\alink;c:\nasm-2.10\codeview;C:\WINDOWS\system32;
USERNAME=Ignacio
OS=Windows_NT
PROCESSOR_IDENTIFIER=Intel64 Family 6 Model 94 Stepping 3, GenuineIntel



---------------  S Y S T E M  ---------------

OS: Windows 10.0 , 64 bit Build 14393 (10.0.14393.0)

CPU:total 4 (initial active 4) (2 cores per cpu, 2 threads per core) family 6 model 94 stepping 3, cmov, cx8, fxsr, mmx, sse, sse2, sse3, ssse3, sse4.1, sse4.2, popcnt, avx, avx2, aes, clmul, erms, 3dnowpref, lzcnt, ht, tsc, tscinvbit, bmi1, bmi2, adx

Memory: 4k page, physical 8326876k(708000k free), swap 10424028k(104k free)

vm_info: Java HotSpot(TM) 64-Bit Server VM (25.152-b16) for windows-amd64 JRE (1.8.0_152-b16), built on Sep 14 2017 02:29:36 by "java_re" with MS VC++ 10.0 (VS2010)

time: Fri Dec 08 20:39:17 2017
elapsed time: 14 seconds (0d 0h 0m 14s)

