#
# There is insufficient memory for the Java Runtime Environment to continue.
# Native memory allocation (malloc) failed to allocate 4088 bytes for AllocateHeap
# Possible reasons:
#   The system is out of physical RAM or swap space
#   In 32 bit mode, the process size limit was hit
# Possible solutions:
#   Reduce memory load on the system
#   Increase physical memory or swap space
#   Check if swap backing store is full
#   Use 64 bit Java on a 64 bit OS
#   Decrease Java heap size (-Xmx/-Xms)
#   Decrease number of Java threads
#   Decrease Java thread stack sizes (-Xss)
#   Set larger code cache with -XX:ReservedCodeCacheSize=
# This output file may be truncated or incomplete.
#
#  Out of Memory Error (memory/allocation.inline.hpp:61), pid=1340, tid=0x0000000000001e18
#
# JRE version: Java(TM) SE Runtime Environment (8.0_152-b16) (build 1.8.0_152-b16)
# Java VM: Java HotSpot(TM) 64-Bit Server VM (25.152-b16 mixed mode windows-amd64 compressed oops)
# Failed to write core dump. Minidumps are not enabled by default on client versions of Windows
#

---------------  T H R E A D  ---------------

Current thread (0x000000000288e000):  GCTaskThread [stack: 0x0000000012760000,0x0000000012860000] [id=7704]

Stack: [0x0000000012760000,0x0000000012860000]
[error occurred during error reporting (printing stack bounds), id 0xc0000005]

Native frames: (J=compiled Java code, j=interpreted, Vv=VM code, C=native code)


---------------  P R O C E S S  ---------------

Java Threads: ( => current thread )
  0x000000001982d800 JavaThread "Thread-3" daemon [_thread_blocked, id=3060, stack(0x000000001d6d0000,0x000000001d7d0000)]
  0x00000000197ab000 JavaThread "JavaFX-Launcher" [_thread_blocked, id=10232, stack(0x000000001d7d0000,0x000000001d8d0000)]
  0x0000000019719000 JavaThread "JavaFX Application Thread" [_thread_blocked, id=6644, stack(0x000000001a7d0000,0x000000001a8d0000)]
  0x0000000019736800 JavaThread "Thread-1" daemon [_thread_blocked, id=7724, stack(0x000000001a6d0000,0x000000001a7d0000)]
  0x00000000191d9800 JavaThread "QuantumRenderer-0" daemon [_thread_blocked, id=8780, stack(0x0000000019f10000,0x000000001a010000)]
  0x0000000018dec800 JavaThread "Service Thread" daemon [_thread_blocked, id=188, stack(0x00000000192e0000,0x00000000193e0000)]
  0x0000000018de1800 JavaThread "C1 CompilerThread2" daemon [_thread_blocked, id=4704, stack(0x00000000191e0000,0x00000000192e0000)]
  0x00000000175e9000 JavaThread "C2 CompilerThread1" daemon [_thread_blocked, id=204, stack(0x0000000018ce0000,0x0000000018de0000)]
  0x000000001758c800 JavaThread "C2 CompilerThread0" daemon [_thread_blocked, id=5240, stack(0x0000000018be0000,0x0000000018ce0000)]
  0x000000001758b800 JavaThread "Attach Listener" daemon [_thread_blocked, id=7324, stack(0x0000000018ae0000,0x0000000018be0000)]
  0x0000000017597000 JavaThread "Signal Dispatcher" daemon [_thread_blocked, id=8200, stack(0x00000000189e0000,0x0000000018ae0000)]
  0x000000001757a800 JavaThread "Finalizer" daemon [_thread_blocked, id=4192, stack(0x00000000187f0000,0x00000000188f0000)]
  0x0000000002962800 JavaThread "Reference Handler" daemon [_thread_blocked, id=7616, stack(0x00000000186f0000,0x00000000187f0000)]
  0x0000000002872800 JavaThread "main" [_thread_blocked, id=6948, stack(0x0000000002710000,0x0000000002810000)]

Other Threads:
  0x0000000017559800 VMThread [stack: 0x00000000185f0000,0x00000000186f0000] [id=2176]
  0x0000000018df5800 WatcherThread [stack: 0x00000000193e0000,0x00000000194e0000] [id=7792]

=>0x000000000288e000 (exited) GCTaskThread [stack: 0x0000000012760000,0x0000000012860000] [id=7704]

VM state:at safepoint (normal execution)

VM Mutex/Monitor currently owned by a thread:  ([mutex/lock_event])
[0x00000000029ee290] Threads_lock - owner thread: 0x0000000017559800
[0x00000000029edb90] Heap_lock - owner thread: 0x0000000019719000

Heap:
 PSYoungGen      total 332800K, used 283392K [0x00000000d5a00000, 0x00000000f9000000, 0x0000000100000000)
  eden space 105984K, 100% used [0x00000000d5a00000,0x00000000dc180000,0x00000000dc180000)
  from space 226816K, 78% used [0x00000000ea380000,0x00000000f50c0000,0x00000000f8100000)
  to   space 231424K, 0% used [0x00000000dc180000,0x00000000dc180000,0x00000000ea380000)
 ParOldGen       total 1041920K, used 878010K [0x0000000080e00000, 0x00000000c0780000, 0x00000000d5a00000)
  object space 1041920K, 84% used [0x0000000080e00000,0x00000000b676ead8,0x00000000c0780000)
 Metaspace       used 7287K, capacity 7976K, committed 8320K, reserved 1056768K
  class space    used 932K, capacity 1035K, committed 1152K, reserved 1048576K

Card table byte_map: [0x0000000011db0000,0x00000000121b0000] byte_map_base: 0x00000000119a9000

Marking Bits: (ParMarkBitMap*) 0x000000006e450860
 Begin Bits: [0x0000000012860000, 0x0000000014828000)
 End Bits:   [0x0000000014828000, 0x00000000167f0000)

Polling page: 0x0000000002810000

CodeCache: size=245760Kb used=2336Kb max_used=2336Kb free=243423Kb
 bounds [0x00000000029f0000, 0x0000000002c60000, 0x00000000119f0000]
 total_blobs=936 nmethods=538 adapters=311
 compilation: enabled

Compilation events (10 events):
Event: 2.362 Thread 0x0000000018de1800  534       3       java.util.concurrent.atomic.AtomicBoolean::get (13 bytes)
Event: 2.362 Thread 0x0000000018de1800 nmethod 534 0x0000000002c2e710 code [0x0000000002c2e860, 0x0000000002c2ea10]
Event: 3.834 Thread 0x0000000018de1800  535       1       com.sun.javafx.tk.quantum.PaintCollector::hasDirty (5 bytes)
Event: 3.834 Thread 0x0000000018de1800 nmethod 535 0x0000000002c31f50 code [0x0000000002c320a0, 0x0000000002c321b0]
Event: 4.626 Thread 0x0000000018de1800  536       3       com.sun.javafx.tk.quantum.QuantumToolkit$$Lambda$42/801285067::run (8 bytes)
Event: 4.627 Thread 0x0000000018de1800 nmethod 536 0x0000000002c351d0 code [0x0000000002c35380, 0x0000000002c357c8]
Event: 4.627 Thread 0x0000000018de1800  537   !   3       com.sun.javafx.tk.quantum.QuantumToolkit::lambda$runToolkit$404 (16 bytes)
Event: 4.627 Thread 0x0000000018de1800 nmethod 537 0x0000000002c359d0 code [0x0000000002c35b60, 0x0000000002c35f28]
Event: 9.295 Thread 0x0000000018de1800  538       3       com.sun.javafx.tk.quantum.QuantumToolkit::postPulse (148 bytes)
Event: 9.297 Thread 0x0000000018de1800 nmethod 538 0x0000000002c360d0 code [0x0000000002c36440, 0x0000000002c38498]

GC Heap History (10 events):
Event: 9.918 GC heap after
Heap after GC invocations=13 (full 4):
 PSYoungGen      total 302592K, used 141472K [0x00000000d5a00000, 0x00000000f7480000, 0x0000000100000000)
  eden space 71168K, 0% used [0x00000000d5a00000,0x00000000d5a00000,0x00000000d9f80000)
  from space 231424K, 61% used [0x00000000d9f80000,0x00000000e29a8000,0x00000000e8180000)
  to   space 231424K, 0% used [0x00000000e9280000,0x00000000e9280000,0x00000000f7480000)
 ParOldGen       total 727040K, used 561067K [0x0000000080e00000, 0x00000000ad400000, 0x00000000d5a00000)
  object space 727040K, 77% used [0x0000000080e00000,0x00000000a31eae70,0x00000000ad400000)
 Metaspace       used 7287K, capacity 7976K, committed 8320K, reserved 1056768K
  class space    used 932K, capacity 1035K, committed 1152K, reserved 1048576K
}
Event: 9.976 GC heap before
{Heap before GC invocations=14 (full 4):
 PSYoungGen      total 302592K, used 212640K [0x00000000d5a00000, 0x00000000f7480000, 0x0000000100000000)
  eden space 71168K, 100% used [0x00000000d5a00000,0x00000000d9f80000,0x00000000d9f80000)
  from space 231424K, 61% used [0x00000000d9f80000,0x00000000e29a8000,0x00000000e8180000)
  to   space 231424K, 0% used [0x00000000e9280000,0x00000000e9280000,0x00000000f7480000)
 ParOldGen       total 727040K, used 561067K [0x0000000080e00000, 0x00000000ad400000, 0x00000000d5a00000)
  object space 727040K, 77% used [0x0000000080e00000,0x00000000a31eae70,0x00000000ad400000)
 Metaspace       used 7287K, capacity 7976K, committed 8320K, reserved 1056768K
  class space    used 932K, capacity 1035K, committed 1152K, reserved 1048576K
Event: 10.430 GC heap after
Heap after GC invocations=14 (full 4):
 PSYoungGen      total 320000K, used 142080K [0x00000000d5a00000, 0x00000000f7980000, 0x0000000100000000)
  eden space 88576K, 0% used [0x00000000d5a00000,0x00000000d5a00000,0x00000000db080000)
  from space 231424K, 61% used [0x00000000e9280000,0x00000000f1d40000,0x00000000f7480000)
  to   space 231424K, 0% used [0x00000000db080000,0x00000000db080000,0x00000000e9280000)
 ParOldGen       total 727040K, used 631947K [0x0000000080e00000, 0x00000000ad400000, 0x00000000d5a00000)
  object space 727040K, 86% used [0x0000000080e00000,0x00000000a7722e70,0x00000000ad400000)
 Metaspace       used 7287K, capacity 7976K, committed 8320K, reserved 1056768K
  class space    used 932K, capacity 1035K, committed 1152K, reserved 1048576K
}
Event: 10.430 GC heap before
{Heap before GC invocations=15 (full 5):
 PSYoungGen      total 320000K, used 142080K [0x00000000d5a00000, 0x00000000f7980000, 0x0000000100000000)
  eden space 88576K, 0% used [0x00000000d5a00000,0x00000000d5a00000,0x00000000db080000)
  from space 231424K, 61% used [0x00000000e9280000,0x00000000f1d40000,0x00000000f7480000)
  to   space 231424K, 0% used [0x00000000db080000,0x00000000db080000,0x00000000e9280000)
 ParOldGen       total 727040K, used 631947K [0x0000000080e00000, 0x00000000ad400000, 0x00000000d5a00000)
  object space 727040K, 86% used [0x0000000080e00000,0x00000000a7722e70,0x00000000ad400000)
 Metaspace       used 7287K, capacity 7976K, committed 8320K, reserved 1056768K
  class space    used 932K, capacity 1035K, committed 1152K, reserved 1048576K
Event: 14.623 GC heap after
Heap after GC invocations=15 (full 5):
 PSYoungGen      total 320000K, used 0K [0x00000000d5a00000, 0x00000000f7980000, 0x0000000100000000)
  eden space 88576K, 0% used [0x00000000d5a00000,0x00000000d5a00000,0x00000000db080000)
  from space 231424K, 0% used [0x00000000e9280000,0x00000000e9280000,0x00000000f7480000)
  to   space 231424K, 0% used [0x00000000db080000,0x00000000db080000,0x00000000e9280000)
 ParOldGen       total 1041920K, used 692393K [0x0000000080e00000, 0x00000000c0780000, 0x00000000d5a00000)
  object space 1041920K, 66% used [0x0000000080e00000,0x00000000ab22a778,0x00000000c0780000)
 Metaspace       used 7287K, capacity 7976K, committed 8320K, reserved 1056768K
  class space    used 932K, capacity 1035K, committed 1152K, reserved 1048576K
}
Event: 14.778 GC heap before
{Heap before GC invocations=16 (full 5):
 PSYoungGen      total 320000K, used 88576K [0x00000000d5a00000, 0x00000000f7980000, 0x0000000100000000)
  eden space 88576K, 100% used [0x00000000d5a00000,0x00000000db080000,0x00000000db080000)
  from space 231424K, 0% used [0x00000000e9280000,0x00000000e9280000,0x00000000f7480000)
  to   space 231424K, 0% used [0x00000000db080000,0x00000000db080000,0x00000000e9280000)
 ParOldGen       total 1041920K, used 692393K [0x0000000080e00000, 0x00000000c0780000, 0x00000000d5a00000)
  object space 1041920K, 66% used [0x0000000080e00000,0x00000000ab22a778,0x00000000c0780000)
 Metaspace       used 7287K, capacity 7976K, committed 8320K, reserved 1056768K
  class space    used 932K, capacity 1035K, committed 1152K, reserved 1048576K
Event: 15.058 GC heap after
Heap after GC invocations=16 (full 5):
 PSYoungGen      total 320000K, used 88704K [0x00000000d5a00000, 0x00000000f8100000, 0x0000000100000000)
  eden space 88576K, 0% used [0x00000000d5a00000,0x00000000d5a00000,0x00000000db080000)
  from space 231424K, 38% used [0x00000000db080000,0x00000000e0720000,0x00000000e9280000)
  to   space 226816K, 0% used [0x00000000ea380000,0x00000000ea380000,0x00000000f8100000)
 ParOldGen       total 1041920K, used 692393K [0x0000000080e00000, 0x00000000c0780000, 0x00000000d5a00000)
  object space 1041920K, 66% used [0x0000000080e00000,0x00000000ab22a778,0x00000000c0780000)
 Metaspace       used 7287K, capacity 7976K, committed 8320K, reserved 1056768K
  class space    used 932K, capacity 1035K, committed 1152K, reserved 1048576K
}
Event: 15.295 GC heap before
{Heap before GC invocations=17 (full 5):
 PSYoungGen      total 320000K, used 177280K [0x00000000d5a00000, 0x00000000f8100000, 0x0000000100000000)
  eden space 88576K, 100% used [0x00000000d5a00000,0x00000000db080000,0x00000000db080000)
  from space 231424K, 38% used [0x00000000db080000,0x00000000e0720000,0x00000000e9280000)
  to   space 226816K, 0% used [0x00000000ea380000,0x00000000ea380000,0x00000000f8100000)
 ParOldGen       total 1041920K, used 874922K [0x0000000080e00000, 0x00000000c0780000, 0x00000000d5a00000)
  object space 1041920K, 83% used [0x0000000080e00000,0x00000000b646aad8,0x00000000c0780000)
 Metaspace       used 7287K, capacity 7976K, committed 8320K, reserved 1056768K
  class space    used 932K, capacity 1035K, committed 1152K, reserved 1048576K
Event: 16.716 GC heap after
Heap after GC invocations=17 (full 5):
 PSYoungGen      total 332800K, used 177408K [0x00000000d5a00000, 0x00000000f9000000, 0x0000000100000000)
  eden space 105984K, 0% used [0x00000000d5a00000,0x00000000d5a00000,0x00000000dc180000)
  from space 226816K, 78% used [0x00000000ea380000,0x00000000f50c0000,0x00000000f8100000)
  to   space 231424K, 0% used [0x00000000dc180000,0x00000000dc180000,0x00000000ea380000)
 ParOldGen       total 1041920K, used 874922K [0x0000000080e00000, 0x00000000c0780000, 0x00000000d5a00000)
  object space 1041920K, 83% used [0x0000000080e00000,0x00000000b646aad8,0x00000000c0780000)
 Metaspace       used 7287K, capacity 7976K, committed 8320K, reserved 1056768K
  class space    used 932K, capacity 1035K, committed 1152K, reserved 1048576K
}
Event: 16.853 GC heap before
{Heap before GC invocations=18 (full 5):
 PSYoungGen      total 332800K, used 283392K [0x00000000d5a00000, 0x00000000f9000000, 0x0000000100000000)
  eden space 105984K, 100% used [0x00000000d5a00000,0x00000000dc180000,0x00000000dc180000)
  from space 226816K, 78% used [0x00000000ea380000,0x00000000f50c0000,0x00000000f8100000)
  to   space 231424K, 0% used [0x00000000dc180000,0x00000000dc180000,0x00000000ea380000)
 ParOldGen       total 1041920K, used 874922K [0x0000000080e00000, 0x00000000c0780000, 0x00000000d5a00000)
  object space 1041920K, 83% used [0x0000000080e00000,0x00000000b646aad8,0x00000000c0780000)
 Metaspace       used 7287K, capacity 7976K, committed 8320K, reserved 1056768K
  class space    used 932K, capacity 1035K, committed 1152K, reserved 1048576K

Deoptimization events (2 events):
Event: 0.167 Thread 0x0000000002872800 Uncommon trap: reason=unstable_if action=reinterpret pc=0x0000000002b13a78 method=java.lang.String.hashCode()I @ 14
Event: 0.534 Thread 0x0000000019719000 Uncommon trap: reason=unstable_if action=reinterpret pc=0x0000000002b9990c method=java.lang.String.replace(CC)Ljava/lang/String; @ 26

Classes redefined (0 events):
No events

Internal exceptions (10 events):
Event: 0.049 Thread 0x0000000002872800 Exception <a 'java/lang/NoSuchMethodError': Method sun.misc.Unsafe.prefetchRead(Ljava/lang/Object;J)V name or signature does not match> (0x00000000d5a07f90) thrown at [C:\re\workspace\8-2-build-windows-amd64-cygwin\jdk8u152\9742\hotspot\src\share\vm\prims
Event: 0.218 Thread 0x0000000002872800 Exception <a 'java/lang/NoSuchFieldError': method resolution failed> (0x00000000d5c47e80) thrown at [C:\re\workspace\8-2-build-windows-amd64-cygwin\jdk8u152\9742\hotspot\src\share\vm\prims\methodHandles.cpp, line 1167]
Event: 0.220 Thread 0x0000000002872800 Exception <a 'java/lang/NoSuchFieldError': method resolution failed> (0x00000000d5c55200) thrown at [C:\re\workspace\8-2-build-windows-amd64-cygwin\jdk8u152\9742\hotspot\src\share\vm\prims\methodHandles.cpp, line 1167]
Event: 0.247 Thread 0x0000000002872800 Exception <a 'java/security/PrivilegedActionException'> (0x00000000d5cdd9a0) thrown at [C:\re\workspace\8-2-build-windows-amd64-cygwin\jdk8u152\9742\hotspot\src\share\vm\prims\jvm.cpp, line 1390]
Event: 0.247 Thread 0x0000000002872800 Exception <a 'java/security/PrivilegedActionException'> (0x00000000d5cddbb0) thrown at [C:\re\workspace\8-2-build-windows-amd64-cygwin\jdk8u152\9742\hotspot\src\share\vm\prims\jvm.cpp, line 1390]
Event: 0.247 Thread 0x0000000002872800 Exception <a 'java/security/PrivilegedActionException'> (0x00000000d5ce1820) thrown at [C:\re\workspace\8-2-build-windows-amd64-cygwin\jdk8u152\9742\hotspot\src\share\vm\prims\jvm.cpp, line 1390]
Event: 0.247 Thread 0x0000000002872800 Exception <a 'java/security/PrivilegedActionException'> (0x00000000d5ce1a30) thrown at [C:\re\workspace\8-2-build-windows-amd64-cygwin\jdk8u152\9742\hotspot\src\share\vm\prims\jvm.cpp, line 1390]
Event: 0.247 Thread 0x0000000002872800 Exception <a 'java/lang/NullPointerException'> (0x00000000d5ce2008) thrown at [C:\re\workspace\8-2-build-windows-amd64-cygwin\jdk8u152\9742\hotspot\src\share\vm\interpreter\linkResolver.cpp, line 1185]
Event: 0.620 Thread 0x0000000019719000 Exception <a 'java/lang/NullPointerException'> (0x00000000d66940c0) thrown at [C:\re\workspace\8-2-build-windows-amd64-cygwin\jdk8u152\9742\hotspot\src\share\vm\interpreter\linkResolver.cpp, line 1185]
Event: 0.620 Thread 0x0000000019719000 Exception <a 'java/lang/NullPointerException'> (0x00000000d66940c0) thrown at [C:\re\workspace\8-2-build-windows-amd64-cygwin\jdk8u152\9742\hotspot\src\share\vm\prims\jvm.cpp, line 1394]

Events (10 events):
Event: 9.294 Executing VM operation: ParallelGCFailedAllocation done
Event: 9.417 Executing VM operation: ParallelGCFailedAllocation
Event: 9.918 Executing VM operation: ParallelGCFailedAllocation done
Event: 9.976 Executing VM operation: ParallelGCFailedAllocation
Event: 14.623 Executing VM operation: ParallelGCFailedAllocation done
Event: 14.778 Executing VM operation: ParallelGCFailedAllocation
Event: 15.058 Executing VM operation: ParallelGCFailedAllocation done
Event: 15.295 Executing VM operation: ParallelGCFailedAllocation
Event: 16.716 Executing VM operation: ParallelGCFailedAllocation done
Event: 16.853 Executing VM operation: ParallelGCFailedAllocation


Dynamic libraries:
0x00007ff68b390000 - 0x00007ff68b3c7000 	C:\Program Files\Java\jre1.8.0_152\bin\javaw.exe
0x00007ffc78d50000 - 0x00007ffc78f21000 	C:\WINDOWS\SYSTEM32\ntdll.dll
0x00007ffc78350000 - 0x00007ffc783fb000 	C:\WINDOWS\System32\KERNEL32.DLL
0x00007ffc76030000 - 0x00007ffc7624d000 	C:\WINDOWS\System32\KERNELBASE.dll
0x00007ffc78790000 - 0x00007ffc78832000 	C:\WINDOWS\System32\ADVAPI32.dll
0x00007ffc784b0000 - 0x00007ffc7854e000 	C:\WINDOWS\System32\msvcrt.dll
0x00007ffc76b80000 - 0x00007ffc76bd9000 	C:\WINDOWS\System32\sechost.dll
0x00007ffc76a50000 - 0x00007ffc76b71000 	C:\WINDOWS\System32\RPCRT4.dll
0x00007ffc76750000 - 0x00007ffc768b5000 	C:\WINDOWS\System32\USER32.dll
0x00007ffc76250000 - 0x00007ffc7626e000 	C:\WINDOWS\System32\win32u.dll
0x00007ffc78470000 - 0x00007ffc784a4000 	C:\WINDOWS\System32\GDI32.dll
0x00007ffc75bd0000 - 0x00007ffc75d52000 	C:\WINDOWS\System32\gdi32full.dll
0x00007ffc62540000 - 0x00007ffc627b9000 	C:\WINDOWS\WinSxS\amd64_microsoft.windows.common-controls_6595b64144ccf1df_6.0.14393.447_none_42191651c6827bb3\COMCTL32.dll
0x00007ffc76350000 - 0x00007ffc76617000 	C:\WINDOWS\System32\combase.dll
0x00007ffc75290000 - 0x00007ffc75385000 	C:\WINDOWS\System32\ucrtbase.dll
0x00007ffc76270000 - 0x00007ffc762da000 	C:\WINDOWS\System32\bcryptPrimitives.dll
0x00007ffc76720000 - 0x00007ffc7674e000 	C:\WINDOWS\System32\IMM32.DLL
0x000000006f800000 - 0x000000006f8d2000 	C:\Program Files\Java\jre1.8.0_152\bin\msvcr100.dll
0x000000006dc30000 - 0x000000006e4d0000 	C:\Program Files\Java\jre1.8.0_152\bin\server\jvm.dll
0x00007ffc78840000 - 0x00007ffc78848000 	C:\WINDOWS\System32\PSAPI.DLL
0x00007ffc6e130000 - 0x00007ffc6e139000 	C:\WINDOWS\SYSTEM32\WSOCK32.dll
0x00007ffc78400000 - 0x00007ffc7846a000 	C:\WINDOWS\System32\WS2_32.dll
0x00007ffc734d0000 - 0x00007ffc734f3000 	C:\WINDOWS\SYSTEM32\WINMM.dll
0x00007ffc6ff00000 - 0x00007ffc6ff0a000 	C:\WINDOWS\SYSTEM32\VERSION.dll
0x00007ffc73470000 - 0x00007ffc7349b000 	C:\WINDOWS\SYSTEM32\WINMMBASE.dll
0x00007ffc75240000 - 0x00007ffc75282000 	C:\WINDOWS\System32\cfgmgr32.dll
0x000000006f9c0000 - 0x000000006f9cf000 	C:\Program Files\Java\jre1.8.0_152\bin\verify.dll
0x000000006f990000 - 0x000000006f9b9000 	C:\Program Files\Java\jre1.8.0_152\bin\java.dll
0x000000006f970000 - 0x000000006f986000 	C:\Program Files\Java\jre1.8.0_152\bin\zip.dll
0x00007ffc76be0000 - 0x00007ffc780e9000 	C:\WINDOWS\System32\SHELL32.dll
0x00007ffc75390000 - 0x00007ffc75a6a000 	C:\WINDOWS\System32\windows.storage.dll
0x00007ffc751f0000 - 0x00007ffc7523c000 	C:\WINDOWS\System32\powrprof.dll
0x00007ffc78c90000 - 0x00007ffc78ce2000 	C:\WINDOWS\System32\shlwapi.dll
0x00007ffc751d0000 - 0x00007ffc751df000 	C:\WINDOWS\System32\kernel.appcore.dll
0x00007ffc75a70000 - 0x00007ffc75b19000 	C:\WINDOWS\System32\shcore.dll
0x00007ffc751b0000 - 0x00007ffc751c4000 	C:\WINDOWS\System32\profapi.dll
0x0000000002850000 - 0x0000000002853000 	C:\Program Files\Java\jre1.8.0_152\bin\api-ms-win-core-console-l1-1-0.dll
0x00000000029a0000 - 0x00000000029a3000 	C:\Program Files\Java\jre1.8.0_152\bin\api-ms-win-core-datetime-l1-1-0.dll
0x00000000029b0000 - 0x00000000029b3000 	C:\Program Files\Java\jre1.8.0_152\bin\api-ms-win-core-debug-l1-1-0.dll
0x00000000029c0000 - 0x00000000029c3000 	C:\Program Files\Java\jre1.8.0_152\bin\api-ms-win-core-errorhandling-l1-1-0.dll
0x00000000029d0000 - 0x00000000029d4000 	C:\Program Files\Java\jre1.8.0_152\bin\api-ms-win-core-file-l1-1-0.dll
0x00000000194e0000 - 0x00000000194e3000 	C:\Program Files\Java\jre1.8.0_152\bin\api-ms-win-core-file-l1-2-0.dll
0x00000000194f0000 - 0x00000000194f3000 	C:\Program Files\Java\jre1.8.0_152\bin\api-ms-win-core-file-l2-1-0.dll
0x0000000019500000 - 0x0000000019503000 	C:\Program Files\Java\jre1.8.0_152\bin\api-ms-win-core-handle-l1-1-0.dll
0x0000000019510000 - 0x0000000019513000 	C:\Program Files\Java\jre1.8.0_152\bin\api-ms-win-core-heap-l1-1-0.dll
0x0000000019520000 - 0x0000000019523000 	C:\Program Files\Java\jre1.8.0_152\bin\api-ms-win-core-interlocked-l1-1-0.dll
0x0000000019530000 - 0x0000000019533000 	C:\Program Files\Java\jre1.8.0_152\bin\api-ms-win-core-libraryloader-l1-1-0.dll
0x0000000019540000 - 0x0000000019543000 	C:\Program Files\Java\jre1.8.0_152\bin\api-ms-win-core-localization-l1-2-0.dll
0x0000000019550000 - 0x0000000019553000 	C:\Program Files\Java\jre1.8.0_152\bin\api-ms-win-core-memory-l1-1-0.dll
0x0000000019560000 - 0x0000000019563000 	C:\Program Files\Java\jre1.8.0_152\bin\api-ms-win-core-namedpipe-l1-1-0.dll
0x0000000019570000 - 0x0000000019573000 	C:\Program Files\Java\jre1.8.0_152\bin\api-ms-win-core-processenvironment-l1-1-0.dll
0x0000000019580000 - 0x0000000019583000 	C:\Program Files\Java\jre1.8.0_152\bin\api-ms-win-core-processthreads-l1-1-0.dll
0x0000000019590000 - 0x0000000019593000 	C:\Program Files\Java\jre1.8.0_152\bin\api-ms-win-core-processthreads-l1-1-1.dll
0x00000000195a0000 - 0x00000000195a3000 	C:\Program Files\Java\jre1.8.0_152\bin\api-ms-win-core-profile-l1-1-0.dll
0x00000000195b0000 - 0x00000000195b3000 	C:\Program Files\Java\jre1.8.0_152\bin\api-ms-win-core-rtlsupport-l1-1-0.dll
0x00000000195c0000 - 0x00000000195c3000 	C:\Program Files\Java\jre1.8.0_152\bin\api-ms-win-core-string-l1-1-0.dll
0x00000000195d0000 - 0x00000000195d3000 	C:\Program Files\Java\jre1.8.0_152\bin\api-ms-win-core-synch-l1-1-0.dll
0x00000000195e0000 - 0x00000000195e3000 	C:\Program Files\Java\jre1.8.0_152\bin\api-ms-win-core-synch-l1-2-0.dll
0x00000000195f0000 - 0x00000000195f3000 	C:\Program Files\Java\jre1.8.0_152\bin\api-ms-win-core-sysinfo-l1-1-0.dll
0x0000000019600000 - 0x0000000019603000 	C:\Program Files\Java\jre1.8.0_152\bin\api-ms-win-core-timezone-l1-1-0.dll
0x0000000019610000 - 0x0000000019613000 	C:\Program Files\Java\jre1.8.0_152\bin\api-ms-win-core-util-l1-1-0.dll
0x0000000019620000 - 0x0000000019623000 	C:\Program Files\Java\jre1.8.0_152\bin\api-ms-win-crt-conio-l1-1-0.dll
0x0000000019630000 - 0x0000000019634000 	C:\Program Files\Java\jre1.8.0_152\bin\api-ms-win-crt-convert-l1-1-0.dll
0x0000000019640000 - 0x0000000019643000 	C:\Program Files\Java\jre1.8.0_152\bin\api-ms-win-crt-environment-l1-1-0.dll
0x0000000019650000 - 0x0000000019653000 	C:\Program Files\Java\jre1.8.0_152\bin\api-ms-win-crt-filesystem-l1-1-0.dll
0x0000000019660000 - 0x0000000019663000 	C:\Program Files\Java\jre1.8.0_152\bin\api-ms-win-crt-heap-l1-1-0.dll
0x0000000019670000 - 0x0000000019673000 	C:\Program Files\Java\jre1.8.0_152\bin\api-ms-win-crt-locale-l1-1-0.dll
0x0000000019680000 - 0x0000000019685000 	C:\Program Files\Java\jre1.8.0_152\bin\api-ms-win-crt-math-l1-1-0.dll
0x0000000019690000 - 0x0000000019695000 	C:\Program Files\Java\jre1.8.0_152\bin\api-ms-win-crt-multibyte-l1-1-0.dll
0x00000000196a0000 - 0x00000000196b0000 	C:\Program Files\Java\jre1.8.0_152\bin\api-ms-win-crt-private-l1-1-0.dll
0x00000000196b0000 - 0x00000000196b3000 	C:\Program Files\Java\jre1.8.0_152\bin\api-ms-win-crt-process-l1-1-0.dll
0x00000000196c0000 - 0x00000000196c4000 	C:\Program Files\Java\jre1.8.0_152\bin\api-ms-win-crt-runtime-l1-1-0.dll
0x00000000196d0000 - 0x00000000196d4000 	C:\Program Files\Java\jre1.8.0_152\bin\api-ms-win-crt-stdio-l1-1-0.dll
0x00000000196e0000 - 0x00000000196e4000 	C:\Program Files\Java\jre1.8.0_152\bin\api-ms-win-crt-string-l1-1-0.dll
0x00000000196f0000 - 0x00000000196f3000 	C:\Program Files\Java\jre1.8.0_152\bin\api-ms-win-crt-time-l1-1-0.dll
0x0000000019700000 - 0x0000000019703000 	C:\Program Files\Java\jre1.8.0_152\bin\api-ms-win-crt-utility-l1-1-0.dll
0x00007ffc6df40000 - 0x00007ffc6e036000 	C:\Program Files\Java\jre1.8.0_152\bin\ucrtbase.dll
0x00007ffc6cba0000 - 0x00007ffc6cbf1000 	C:\Program Files\Java\jre1.8.0_152\bin\concrt140.dll
0x00007ffc5fc50000 - 0x00007ffc5fcec000 	C:\Program Files\Java\jre1.8.0_152\bin\MSVCP140.dll
0x00007ffc6cb80000 - 0x00007ffc6cb96000 	C:\Program Files\Java\jre1.8.0_152\bin\VCRUNTIME140.dll
0x000000006f7d0000 - 0x000000006f7f3000 	C:\Program Files\Java\jre1.8.0_152\bin\prism_d3d.dll
0x00007ffc61460000 - 0x00007ffc615ed000 	C:\WINDOWS\system32\d3d9.dll
0x00007ffc72bf0000 - 0x00007ffc72c16000 	C:\WINDOWS\SYSTEM32\dwmapi.dll
0x00007ffc73940000 - 0x00007ffc739d5000 	C:\WINDOWS\system32\uxtheme.dll
0x00007ffc6ff10000 - 0x00007ffc70091000 	C:\WINDOWS\System32\DriverStore\FileRepository\c0309270.inf_amd64_47c09dd18e1ee4c5\aticfx64.dll
0x00007ffc6eb50000 - 0x00007ffc6eb79000 	C:\WINDOWS\System32\DriverStore\FileRepository\c0309270.inf_amd64_47c09dd18e1ee4c5\atiu9p64.dll
0x00007ffc4c680000 - 0x00007ffc4d139000 	C:\WINDOWS\System32\DriverStore\FileRepository\c0309270.inf_amd64_47c09dd18e1ee4c5\atiumd64.dll
0x000000006e4d0000 - 0x000000006f034000 	C:\WINDOWS\System32\DriverStore\FileRepository\c0309270.inf_amd64_47c09dd18e1ee4c5\atiumd6a.dll
0x000000006f780000 - 0x000000006f7c9000 	C:\Program Files\Java\jre1.8.0_152\bin\glass.dll
0x00007ffc78690000 - 0x00007ffc7878a000 	C:\WINDOWS\System32\COMDLG32.dll
0x00007ffc78550000 - 0x00007ffc78687000 	C:\WINDOWS\System32\ole32.dll
0x00007ffc780f0000 - 0x00007ffc781af000 	C:\WINDOWS\System32\OLEAUT32.dll
0x00007ffc75f90000 - 0x00007ffc7602c000 	C:\WINDOWS\System32\msvcp_win.dll
0x00007ffc768f0000 - 0x00007ffc76a4b000 	C:\WINDOWS\System32\MSCTF.dll
0x00007ffc61910000 - 0x00007ffc6193c000 	C:\PROGRA~2\RAPTRI~1\Raptr\ltc_help64-116716.dll
0x00007ffc75f30000 - 0x00007ffc75f85000 	C:\WINDOWS\System32\WINTRUST.dll
0x00007ffc751e0000 - 0x00007ffc751f0000 	C:\WINDOWS\System32\MSASN1.dll
0x00007ffc75d60000 - 0x00007ffc75f29000 	C:\WINDOWS\System32\CRYPT32.dll

VM Arguments:
jvm_args: -Dfile.encoding=Cp1252 
java_command: vista.Aplicacion
java_class_path (initial): C:\Program Files\Java\jre1.8.0_152\lib\resources.jar;C:\Program Files\Java\jre1.8.0_152\lib\rt.jar;C:\Program Files\Java\jre1.8.0_152\lib\jsse.jar;C:\Program Files\Java\jre1.8.0_152\lib\jce.jar;C:\Program Files\Java\jre1.8.0_152\lib\charsets.jar;C:\Program Files\Java\jre1.8.0_152\lib\jfr.jar;C:\Program Files\Java\jre1.8.0_152\lib\ext\access-bridge-64.jar;C:\Program Files\Java\jre1.8.0_152\lib\ext\cldrdata.jar;C:\Program Files\Java\jre1.8.0_152\lib\ext\dnsns.jar;C:\Program Files\Java\jre1.8.0_152\lib\ext\jaccess.jar;C:\Program Files\Java\jre1.8.0_152\lib\ext\jfxrt.jar;C:\Program Files\Java\jre1.8.0_152\lib\ext\localedata.jar;C:\Program Files\Java\jre1.8.0_152\lib\ext\nashorn.jar;C:\Program Files\Java\jre1.8.0_152\lib\ext\sunec.jar;C:\Program Files\Java\jre1.8.0_152\lib\ext\sunjce_provider.jar;C:\Program Files\Java\jre1.8.0_152\lib\ext\sunmscapi.jar;C:\Program Files\Java\jre1.8.0_152\lib\ext\sunpkcs11.jar;C:\Program Files\Java\jre1.8.0_152\lib\ext\zipfs.jar;C:\Users\Ignacio\Documents\TP_Algo3\bin;C:\Users\Ignacio\.p2\pool\plugins\org.junit.jupiter.api_5.0.0.v20170910-2246.jar;C:\Users\Ignacio\.p2\pool\plugins\org.junit.jupiter.engine_5.0.0.v20170910-2246.jar;C:\Users\Ignacio\.p2\pool\plugins\org.junit.jupiter.migrationsupport_5.0.0.v20170910-2246.jar;C:\Users\Ignacio\.p2\pool\plugins\org.junit.jupiter.params_5.0.0.v20170910-2246.jar;C:\Users\Ignacio\.p2\pool\plugins\org.junit.platform.commons_1.0.0.v20170910-2246.jar;C:\Users\Ignacio\.p2\pool\plugins\org.junit.platform.engine_1.0.0.v20170910-2246.jar;C:\Users\Ignacio\.p2\pool\plugins\org.junit.platform.launcher_1.0.0.v20170910-2246.jar;C:\Users\Ignacio\.p2\pool\plugins\org.junit.platform.runner_1.0.0.v20170910-2246.jar;C:\Users\Ignacio\.p2\pool\plugins\org.junit.platform.suite.api_1.0.0.v20170910-2246.jar;C:\Users\Ignacio\.p2\pool\plugins\org.junit.vintage.engine_4.12.0.v20170910-2246.jar;C:\Users\Ignacio\.p2\pool\plugins\org.opentest4j_1.0.0.v20170910-2246.jar;C:\Users\Ignacio\.p2\pool\pl
Launcher Type: SUN_STANDARD

Environment Variables:
JAVA_HOME=C:\Program Files\Java\jdk1.8.0_152
CLASSPATH=.;C:\Program Files\Java\jre1.8.0_131\lib\ext\QTjava.zip;C:\z390\
PATH=C:/Program Files/Java/jre1.8.0_152/bin/server;C:/Program Files/Java/jre1.8.0_152/bin;C:/Program Files/Java/jre1.8.0_152/lib/amd64;C:\ProgramData\Oracle\Java\javapath;C:\WINDOWS\system32;C:\WINDOWS;C:\WINDOWS\System32\Wbem;C:\WINDOWS\System32\WindowsPowerShell\v1.0\;C:\Program Files (x86)\ATI Technologies\ATI.ACE\Core-Static;C:\Program Files (x86)\AMD\ATI.ACE\Core-Static;C:\Program Files (x86)\Livestreamer;C:\Python35\;C:\WINDOWS\system32\config\systemprofile\.dnx\bin;C:\Program Files\Microsoft DNX\Dnvm\;C:\Program Files\Microsoft SQL Server\130\Tools\Binn\;C:\Program Files (x86)\Calibre2\;C:\Program Files (x86)\Common Files\Propellerhead Software\ReWire\;C:\Program Files\Common Files\Propellerhead Software\ReWire\;C:\Program Files\Java\jdk1.8.0_152\bin;C:\Program Files\apache-ant-1.10.1\bin;C:\Program Files\Git\cmd;C:\Users\Ignacio\AppData\Local\Microsoft\WindowsApps;c:\nasm-2.10;c:\nasm-2.10\alink;c:\nasm-2.10\codeview;C:\WINDOWS\system32;
USERNAME=Ignacio
OS=Windows_NT
PROCESSOR_IDENTIFIER=Intel64 Family 6 Model 94 Stepping 3, GenuineIntel



---------------  S Y S T E M  ---------------

OS: Windows 10.0 , 64 bit Build 14393 (10.0.14393.0)

CPU:total 4 (initial active 4) (2 cores per cpu, 2 threads per core) family 6 model 94 stepping 3, cmov, cx8, fxsr, mmx, sse, sse2, sse3, ssse3, sse4.1, sse4.2, popcnt, avx, avx2, aes, clmul, erms, 3dnowpref, lzcnt, ht, tsc, tscinvbit, bmi1, bmi2, adx

Memory: 4k page, physical 8326876k(636908k free), swap 10424028k(4092k free)

vm_info: Java HotSpot(TM) 64-Bit Server VM (25.152-b16) for windows-amd64 JRE (1.8.0_152-b16), built on Sep 14 2017 02:29:36 by "java_re" with MS VC++ 10.0 (VS2010)

time: Fri Dec 08 19:55:32 2017
elapsed time: 16 seconds (0d 0h 0m 16s)

